<?xml version="1.0" encoding="UTF-8"?>
<!-- Generated by org.testng.reporters.JUnitXMLReporter -->
<testsuite hostname="KIRTIDEEP" ignored="0" name="Default test" tests="1" failures="1" timestamp="17 Oct 2017 09:29:18 GMT" time="61.8" errors="0">
  <testcase name="f" time="61.768" classname="judu.NewTest">
    <failure type="org.openqa.selenium.WebDriverException" message="Failed to connect to binary FirefoxBinary(C:\Program Files\Mozilla Firefox\firefox.exe) on port 7055; process output follows: 
ound.persistent: Event pages are not currently supported. This will run as a persistent background page.
1508232528103	DeferredSave.webext.sc.lz4	DEBUG	Save changes
1508232528113	addons.webextension.light_plugin_448EC0843447455C9DA355B3C2811D6A@kaspersky.com	WARN	Please specify whether you want browser_style or not in your browser_action options.
1508232528120	DeferredSave.extensions.json	DEBUG	Write succeeded
1508232528217	DeferredSave.webext.sc.lz4	DEBUG	Save changes
1508232533051	DeferredSave.webext.sc.lz4	DEBUG	Starting write
1508232533060	DeferredSave.webext.sc.lz4	DEBUG	Write succeeded
1508232535494	addons.xpi	DEBUG	Add-on fxdriver@googlecode.com blocks e10s rollout.
1508232535495	addons.xpi	DEBUG	Add-on fxdriver@googlecode.com blocks e10s rollout.
1508232535496	addons.xpi	DEBUG	Add-on fxdriver@googlecode.com blocks e10s rollout.
1508232535648	addons.xpi	DEBUG	Add-on fxdriver@googlecode.com blocks e10s rollout.
1508232535649	addons.xpi	DEBUG	Add-on fxdriver@googlecode.com blocks e10s rollout.
1508232535649	addons.xpi	DEBUG	Add-on fxdriver@googlecode.com blocks e10s rollout.
1508232553840	addons.xpi	DEBUG	Calling bootstrap method shutdown on webcompat@mozilla.org version 1.1
1508232553841	addons.xpi	DEBUG	Calling bootstrap method shutdown on shield-recipe-client@mozilla.org version 65
1508232553843	addons.xpi	DEBUG	Calling bootstrap method shutdown on screenshots@mozilla.org version 10.12.0
1508232553854	addons.xpi	DEBUG	Calling bootstrap method shutdown on onboarding@mozilla.org version 0.1
1508232553856	addons.xpi	DEBUG	Calling bootstrap method shutdown on light_plugin_448EC0843447455C9DA355B3C2811D6A@kaspersky.com version 5.1.94.21d-20171010163043
1508232553864	addons.xpi	DEBUG	Calling bootstrap method shutdown on formautofill@mozilla.org version 1.0
1508232553866	addons.xpi	DEBUG	Calling bootstrap method shutdown on followonsearch@mozilla.com version 0.9.3
1508232553867	addons.xpi	DEBUG	Calling bootstrap method shutdown on firefox@getpocket.com version 1.0.5
1508232553868	addons.xpi	DEBUG	Calling bootstrap method shutdown on e10srollout@mozilla.org version 3.00
1508232553869	addons.xpi	DEBUG	Calling bootstrap method shutdown on clicktoplay-rollout@mozilla.org version 1.4
1508232553870	addons.xpi	DEBUG	Calling bootstrap method shutdown on aushelper@mozilla.org version 2.0
1508232553871	addons.xpi	DEBUG	Calling bootstrap method shutdown on activity-stream@mozilla.org version 0.0.0
Unable to read VR Path Registry from C:\Users\Judu\AppData\Local\openvr\openvrpaths.vrpath
[Child 2088] WARNING: pipe error: 109: file z:/build/build/src/ipc/chromium/src/chrome/common/ipc_channel_win.cc, line 346
[Child 2088] WARNING: pipe error: 109: file z:/build/build/src/ipc/chromium/src/chrome/common/ipc_channel_win.cc, line 346
1508232554048	addons.manager	DEBUG	shutdown
1508232554049	addons.manager	DEBUG	Calling shutdown blocker for XPIProvider
1508232554049	addons.xpi	DEBUG	shutdown
1508232554050	addons.xpi-utils	DEBUG	Updating add-on states
1508232554051	addons.xpi-utils	DEBUG	shutdown
1508232554051	addons.manager	DEBUG	Calling shutdown blocker for LightweightThemeManager
1508232554051	addons.manager	DEBUG	Calling shutdown blocker for GMPProvider
1508232554052	addons.manager	DEBUG	Calling shutdown blocker for PluginProvider
1508232554053	addons.manager	DEBUG	Calling shutdown blocker for PreviousExperimentProvider
1508232554053	addons.manager	DEBUG	Calling shutdown blocker for &amp;lt;unnamed-provider&amp;gt;
1508232554063	addons.manager	DEBUG	Async provider shutdown done
*** UTM:SVC TimerManager:registerTimer called after profile-before-change notification. Ignoring timer registration for id: telemetry_modules_ping
Unable to read VR Path Registry from C:\Users\Judu\AppData\Local\openvr\openvrpaths.vrpath
[GPU 9220] WARNING: pipe error: 109: file z:/build/build/src/ipc/chromium/src/chrome/common/ipc_channel_win.cc, line 346

###!!! [Child][MessageChannel::SendAndWait] Error: Channel error: cannot send/recv

Unable to read VR Path Registry from C:\Users\Judu\AppData\Local\openvr\openvrpaths.vrpath

Build info: version: &amp;apos;2.53.0&amp;apos;, revision: &amp;apos;35ae25b&amp;apos;, time: &amp;apos;2016-03-15 16:57:40&amp;apos;
System info: host: &amp;apos;KIRTIDEEP&amp;apos;, ip: &amp;apos;192.168.0.107&amp;apos;, os.name: &amp;apos;Windows 10&amp;apos;, os.arch: &amp;apos;amd64&amp;apos;, os.version: &amp;apos;10.0&amp;apos;, java.version: &amp;apos;1.8.0_121&amp;apos;
Driver info: driver.version: FirefoxDriver">
      <![CDATA[org.openqa.selenium.WebDriverException: Failed to connect to binary FirefoxBinary(C:\Program Files\Mozilla Firefox\firefox.exe) on port 7055; process output follows: 
ound.persistent: Event pages are not currently supported. This will run as a persistent background page.
1508232528103	DeferredSave.webext.sc.lz4	DEBUG	Save changes
1508232528113	addons.webextension.light_plugin_448EC0843447455C9DA355B3C2811D6A@kaspersky.com	WARN	Please specify whether you want browser_style or not in your browser_action options.
1508232528120	DeferredSave.extensions.json	DEBUG	Write succeeded
1508232528217	DeferredSave.webext.sc.lz4	DEBUG	Save changes
1508232533051	DeferredSave.webext.sc.lz4	DEBUG	Starting write
1508232533060	DeferredSave.webext.sc.lz4	DEBUG	Write succeeded
1508232535494	addons.xpi	DEBUG	Add-on fxdriver@googlecode.com blocks e10s rollout.
1508232535495	addons.xpi	DEBUG	Add-on fxdriver@googlecode.com blocks e10s rollout.
1508232535496	addons.xpi	DEBUG	Add-on fxdriver@googlecode.com blocks e10s rollout.
1508232535648	addons.xpi	DEBUG	Add-on fxdriver@googlecode.com blocks e10s rollout.
1508232535649	addons.xpi	DEBUG	Add-on fxdriver@googlecode.com blocks e10s rollout.
1508232535649	addons.xpi	DEBUG	Add-on fxdriver@googlecode.com blocks e10s rollout.
1508232553840	addons.xpi	DEBUG	Calling bootstrap method shutdown on webcompat@mozilla.org version 1.1
1508232553841	addons.xpi	DEBUG	Calling bootstrap method shutdown on shield-recipe-client@mozilla.org version 65
1508232553843	addons.xpi	DEBUG	Calling bootstrap method shutdown on screenshots@mozilla.org version 10.12.0
1508232553854	addons.xpi	DEBUG	Calling bootstrap method shutdown on onboarding@mozilla.org version 0.1
1508232553856	addons.xpi	DEBUG	Calling bootstrap method shutdown on light_plugin_448EC0843447455C9DA355B3C2811D6A@kaspersky.com version 5.1.94.21d-20171010163043
1508232553864	addons.xpi	DEBUG	Calling bootstrap method shutdown on formautofill@mozilla.org version 1.0
1508232553866	addons.xpi	DEBUG	Calling bootstrap method shutdown on followonsearch@mozilla.com version 0.9.3
1508232553867	addons.xpi	DEBUG	Calling bootstrap method shutdown on firefox@getpocket.com version 1.0.5
1508232553868	addons.xpi	DEBUG	Calling bootstrap method shutdown on e10srollout@mozilla.org version 3.00
1508232553869	addons.xpi	DEBUG	Calling bootstrap method shutdown on clicktoplay-rollout@mozilla.org version 1.4
1508232553870	addons.xpi	DEBUG	Calling bootstrap method shutdown on aushelper@mozilla.org version 2.0
1508232553871	addons.xpi	DEBUG	Calling bootstrap method shutdown on activity-stream@mozilla.org version 0.0.0
Unable to read VR Path Registry from C:\Users\Judu\AppData\Local\openvr\openvrpaths.vrpath
[Child 2088] WARNING: pipe error: 109: file z:/build/build/src/ipc/chromium/src/chrome/common/ipc_channel_win.cc, line 346
[Child 2088] WARNING: pipe error: 109: file z:/build/build/src/ipc/chromium/src/chrome/common/ipc_channel_win.cc, line 346
1508232554048	addons.manager	DEBUG	shutdown
1508232554049	addons.manager	DEBUG	Calling shutdown blocker for XPIProvider
1508232554049	addons.xpi	DEBUG	shutdown
1508232554050	addons.xpi-utils	DEBUG	Updating add-on states
1508232554051	addons.xpi-utils	DEBUG	shutdown
1508232554051	addons.manager	DEBUG	Calling shutdown blocker for LightweightThemeManager
1508232554051	addons.manager	DEBUG	Calling shutdown blocker for GMPProvider
1508232554052	addons.manager	DEBUG	Calling shutdown blocker for PluginProvider
1508232554053	addons.manager	DEBUG	Calling shutdown blocker for PreviousExperimentProvider
1508232554053	addons.manager	DEBUG	Calling shutdown blocker for <unnamed-provider>
1508232554063	addons.manager	DEBUG	Async provider shutdown done
*** UTM:SVC TimerManager:registerTimer called after profile-before-change notification. Ignoring timer registration for id: telemetry_modules_ping
Unable to read VR Path Registry from C:\Users\Judu\AppData\Local\openvr\openvrpaths.vrpath
[GPU 9220] WARNING: pipe error: 109: file z:/build/build/src/ipc/chromium/src/chrome/common/ipc_channel_win.cc, line 346

###!!! [Child][MessageChannel::SendAndWait] Error: Channel error: cannot send/recv

Unable to read VR Path Registry from C:\Users\Judu\AppData\Local\openvr\openvrpaths.vrpath

Build info: version: '2.53.0', revision: '35ae25b', time: '2016-03-15 16:57:40'
System info: host: 'KIRTIDEEP', ip: '192.168.0.107', os.name: 'Windows 10', os.arch: 'amd64', os.version: '10.0', java.version: '1.8.0_121'
Driver info: driver.version: FirefoxDriver
	at org.openqa.selenium.firefox.internal.NewProfileExtensionConnection.start(NewProfileExtensionConnection.java:124)
	at org.openqa.selenium.firefox.FirefoxDriver.startClient(FirefoxDriver.java:271)
	at org.openqa.selenium.remote.RemoteWebDriver.<init>(RemoteWebDriver.java:119)
	at org.openqa.selenium.firefox.FirefoxDriver.<init>(FirefoxDriver.java:218)
	at org.openqa.selenium.firefox.FirefoxDriver.<init>(FirefoxDriver.java:211)
	at org.openqa.selenium.firefox.FirefoxDriver.<init>(FirefoxDriver.java:207)
	at org.openqa.selenium.firefox.FirefoxDriver.<init>(FirefoxDriver.java:120)
	at judu.NewTest.f(NewTest.java:11)
	at sun.reflect.NativeMethodAccessorImpl.invoke0(Native Method)
	at sun.reflect.NativeMethodAccessorImpl.invoke(Unknown Source)
	at sun.reflect.DelegatingMethodAccessorImpl.invoke(Unknown Source)
	at java.lang.reflect.Method.invoke(Unknown Source)
	at org.testng.internal.MethodInvocationHelper.invokeMethod(MethodInvocationHelper.java:108)
	at org.testng.internal.Invoker.invokeMethod(Invoker.java:669)
	at org.testng.internal.Invoker.invokeTestMethod(Invoker.java:877)
	at org.testng.internal.Invoker.invokeTestMethods(Invoker.java:1201)
	at org.testng.internal.TestMethodWorker.invokeTestMethods(TestMethodWorker.java:125)
	at org.testng.internal.TestMethodWorker.run(TestMethodWorker.java:109)
	at org.testng.TestRunner.privateRun(TestRunner.java:776)
	at org.testng.TestRunner.run(TestRunner.java:634)
	at org.testng.SuiteRunner.runTest(SuiteRunner.java:425)
	at org.testng.SuiteRunner.runSequentially(SuiteRunner.java:420)
	at org.testng.SuiteRunner.privateRun(SuiteRunner.java:385)
	at org.testng.SuiteRunner.run(SuiteRunner.java:334)
	at org.testng.SuiteRunnerWorker.runSuite(SuiteRunnerWorker.java:52)
	at org.testng.SuiteRunnerWorker.run(SuiteRunnerWorker.java:86)
	at org.testng.TestNG.runSuitesSequentially(TestNG.java:1318)
	at org.testng.TestNG.runSuitesLocally(TestNG.java:1243)
	at org.testng.TestNG.runSuites(TestNG.java:1161)
	at org.testng.TestNG.run(TestNG.java:1129)
	at org.testng.remote.AbstractRemoteTestNG.run(AbstractRemoteTestNG.java:114)
	at org.testng.remote.RemoteTestNG.initAndRun(RemoteTestNG.java:251)
	at org.testng.remote.RemoteTestNG.main(RemoteTestNG.java:77)
Caused by: org.openqa.selenium.firefox.NotConnectedException: Unable to connect to host 127.0.0.1 on port 7055 after 45000 ms. Firefox console output:
ound.persistent: Event pages are not currently supported. This will run as a persistent background page.
1508232528103	DeferredSave.webext.sc.lz4	DEBUG	Save changes
1508232528113	addons.webextension.light_plugin_448EC0843447455C9DA355B3C2811D6A@kaspersky.com	WARN	Please specify whether you want browser_style or not in your browser_action options.
1508232528120	DeferredSave.extensions.json	DEBUG	Write succeeded
1508232528217	DeferredSave.webext.sc.lz4	DEBUG	Save changes
1508232533051	DeferredSave.webext.sc.lz4	DEBUG	Starting write
1508232533060	DeferredSave.webext.sc.lz4	DEBUG	Write succeeded
1508232535494	addons.xpi	DEBUG	Add-on fxdriver@googlecode.com blocks e10s rollout.
1508232535495	addons.xpi	DEBUG	Add-on fxdriver@googlecode.com blocks e10s rollout.
1508232535496	addons.xpi	DEBUG	Add-on fxdriver@googlecode.com blocks e10s rollout.
1508232535648	addons.xpi	DEBUG	Add-on fxdriver@googlecode.com blocks e10s rollout.
1508232535649	addons.xpi	DEBUG	Add-on fxdriver@googlecode.com blocks e10s rollout.
1508232535649	addons.xpi	DEBUG	Add-on fxdriver@googlecode.com blocks e10s rollout.
1508232553840	addons.xpi	DEBUG	Calling bootstrap method shutdown on webcompat@mozilla.org version 1.1
1508232553841	addons.xpi	DEBUG	Calling bootstrap method shutdown on shield-recipe-client@mozilla.org version 65
1508232553843	addons.xpi	DEBUG	Calling bootstrap method shutdown on screenshots@mozilla.org version 10.12.0
1508232553854	addons.xpi	DEBUG	Calling bootstrap method shutdown on onboarding@mozilla.org version 0.1
1508232553856	addons.xpi	DEBUG	Calling bootstrap method shutdown on light_plugin_448EC0843447455C9DA355B3C2811D6A@kaspersky.com version 5.1.94.21d-20171010163043
1508232553864	addons.xpi	DEBUG	Calling bootstrap method shutdown on formautofill@mozilla.org version 1.0
1508232553866	addons.xpi	DEBUG	Calling bootstrap method shutdown on followonsearch@mozilla.com version 0.9.3
1508232553867	addons.xpi	DEBUG	Calling bootstrap method shutdown on firefox@getpocket.com version 1.0.5
1508232553868	addons.xpi	DEBUG	Calling bootstrap method shutdown on e10srollout@mozilla.org version 3.00
1508232553869	addons.xpi	DEBUG	Calling bootstrap method shutdown on clicktoplay-rollout@mozilla.org version 1.4
1508232553870	addons.xpi	DEBUG	Calling bootstrap method shutdown on aushelper@mozilla.org version 2.0
1508232553871	addons.xpi	DEBUG	Calling bootstrap method shutdown on activity-stream@mozilla.org version 0.0.0
Unable to read VR Path Registry from C:\Users\Judu\AppData\Local\openvr\openvrpaths.vrpath
[Child 2088] WARNING: pipe error: 109: file z:/build/build/src/ipc/chromium/src/chrome/common/ipc_channel_win.cc, line 346
[Child 2088] WARNING: pipe error: 109: file z:/build/build/src/ipc/chromium/src/chrome/common/ipc_channel_win.cc, line 346
1508232554048	addons.manager	DEBUG	shutdown
1508232554049	addons.manager	DEBUG	Calling shutdown blocker for XPIProvider
1508232554049	addons.xpi	DEBUG	shutdown
1508232554050	addons.xpi-utils	DEBUG	Updating add-on states
1508232554051	addons.xpi-utils	DEBUG	shutdown
1508232554051	addons.manager	DEBUG	Calling shutdown blocker for LightweightThemeManager
1508232554051	addons.manager	DEBUG	Calling shutdown blocker for GMPProvider
1508232554052	addons.manager	DEBUG	Calling shutdown blocker for PluginProvider
1508232554053	addons.manager	DEBUG	Calling shutdown blocker for PreviousExperimentProvider
1508232554053	addons.manager	DEBUG	Calling shutdown blocker for <unnamed-provider>
1508232554063	addons.manager	DEBUG	Async provider shutdown done
*** UTM:SVC TimerManager:registerTimer called after profile-before-change notification. Ignoring timer registration for id: telemetry_modules_ping
Unable to read VR Path Registry from C:\Users\Judu\AppData\Local\openvr\openvrpaths.vrpath
[GPU 9220] WARNING: pipe error: 109: file z:/build/build/src/ipc/chromium/src/chrome/common/ipc_channel_win.cc, line 346

###!!! [Child][MessageChannel::SendAndWait] Error: Channel error: cannot send/recv

Unable to read VR Path Registry from C:\Users\Judu\AppData\Local\openvr\openvrpaths.vrpath

	at org.openqa.selenium.firefox.internal.NewProfileExtensionConnection.start(NewProfileExtensionConnection.java:112)
	... 32 more
]]>
    </failure>
  </testcase> <!-- f -->
</testsuite> <!-- Default test -->
